[debug] [2022-09-21T18:59:01.919Z] ----------------------------------------------------------------------
[debug] [2022-09-21T18:59:01.921Z] Command:       C:\Program Files\nodejs\node.exe C:\Users\pdeve\AppData\Roaming\npm\node_modules\firebase-tools\lib\bin\firebase.js hosting:disable
[debug] [2022-09-21T18:59:01.922Z] CLI Version:   11.9.0
[debug] [2022-09-21T18:59:01.922Z] Platform:      win32
[debug] [2022-09-21T18:59:01.922Z] Node Version:  v16.14.0
[debug] [2022-09-21T18:59:01.922Z] Time:          Thu Sep 22 2022 00:29:01 GMT+0530 (India Standard Time)
[debug] [2022-09-21T18:59:01.923Z] ----------------------------------------------------------------------
[debug] 
[debug] [2022-09-21T18:59:01.931Z] >>> [apiv2][query] GET https://firebase.googleapis.com/v1beta1/projects/undefined [none]
[debug] [2022-09-21T18:59:03.204Z] <<< [apiv2][status] GET https://firebase.googleapis.com/v1beta1/projects/undefined 403
[debug] [2022-09-21T18:59:03.205Z] <<< [apiv2][body] GET https://firebase.googleapis.com/v1beta1/projects/undefined {"error":{"code":403,"message":"The caller does not have permission","status":"PERMISSION_DENIED"}}
[debug] [2022-09-21T18:59:03.205Z] HTTP Error: 403, The caller does not have permission
[debug] [2022-09-21T18:59:04.386Z] FirebaseError: HTTP Error: 403, The caller does not have permission
    at responseToError (C:\Users\pdeve\AppData\Roaming\npm\node_modules\firebase-tools\lib\responseToError.js:49:12)
    at RetryOperation._fn (C:\Users\pdeve\AppData\Roaming\npm\node_modules\firebase-tools\lib\apiv2.js:288:77)
    at processTicksAndRejections (node:internal/process/task_queues:96:5)
[error] 
[error] Error: Failed to get Firebase project undefined. Please make sure the project exists and your account has permission to access it.
[debug] [2022-09-21T18:59:29.813Z] ----------------------------------------------------------------------
[debug] [2022-09-21T18:59:29.814Z] Command:       C:\Program Files\nodejs\node.exe C:\Users\pdeve\AppData\Roaming\npm\node_modules\firebase-tools\lib\bin\firebase.js hosting:disable
[debug] [2022-09-21T18:59:29.815Z] CLI Version:   11.9.0
[debug] [2022-09-21T18:59:29.815Z] Platform:      win32
[debug] [2022-09-21T18:59:29.815Z] Node Version:  v16.14.0
[debug] [2022-09-21T18:59:29.815Z] Time:          Thu Sep 22 2022 00:29:29 GMT+0530 (India Standard Time)
[debug] [2022-09-21T18:59:29.816Z] ----------------------------------------------------------------------
[debug] 
[debug] [2022-09-21T18:59:29.823Z] >>> [apiv2][query] GET https://firebase.googleapis.com/v1beta1/projects/undefined [none]
[debug] [2022-09-21T18:59:30.977Z] <<< [apiv2][status] GET https://firebase.googleapis.com/v1beta1/projects/undefined 403
[debug] [2022-09-21T18:59:30.977Z] <<< [apiv2][body] GET https://firebase.googleapis.com/v1beta1/projects/undefined {"error":{"code":403,"message":"The caller does not have permission","status":"PERMISSION_DENIED"}}
[debug] [2022-09-21T18:59:30.978Z] HTTP Error: 403, The caller does not have permission
[debug] [2022-09-21T18:59:31.921Z] FirebaseError: HTTP Error: 403, The caller does not have permission
    at responseToError (C:\Users\pdeve\AppData\Roaming\npm\node_modules\firebase-tools\lib\responseToError.js:49:12)
    at RetryOperation._fn (C:\Users\pdeve\AppData\Roaming\npm\node_modules\firebase-tools\lib\apiv2.js:288:77)
    at processTicksAndRejections (node:internal/process/task_queues:96:5)
[error] 
[error] Error: Failed to get Firebase project undefined. Please make sure the project exists and your account has permission to access it.
[debug] [2022-09-21T19:01:04.007Z] ----------------------------------------------------------------------
[debug] [2022-09-21T19:01:04.008Z] Command:       C:\Program Files\nodejs\node.exe C:\Users\pdeve\AppData\Roaming\npm\node_modules\firebase-tools\lib\bin\firebase.js hosting:disable
[debug] [2022-09-21T19:01:04.009Z] CLI Version:   11.9.0
[debug] [2022-09-21T19:01:04.009Z] Platform:      win32
[debug] [2022-09-21T19:01:04.009Z] Node Version:  v16.14.0
[debug] [2022-09-21T19:01:04.010Z] Time:          Thu Sep 22 2022 00:31:04 GMT+0530 (India Standard Time)
[debug] [2022-09-21T19:01:04.010Z] ----------------------------------------------------------------------
[debug] 
[debug] [2022-09-21T19:01:04.017Z] >>> [apiv2][query] GET https://firebase.googleapis.com/v1beta1/projects/undefined [none]
[debug] [2022-09-21T19:01:05.408Z] <<< [apiv2][status] GET https://firebase.googleapis.com/v1beta1/projects/undefined 403
[debug] [2022-09-21T19:01:05.408Z] <<< [apiv2][body] GET https://firebase.googleapis.com/v1beta1/projects/undefined {"error":{"code":403,"message":"The caller does not have permission","status":"PERMISSION_DENIED"}}
[debug] [2022-09-21T19:01:05.409Z] HTTP Error: 403, The caller does not have permission
[debug] [2022-09-21T19:01:06.604Z] FirebaseError: HTTP Error: 403, The caller does not have permission
    at responseToError (C:\Users\pdeve\AppData\Roaming\npm\node_modules\firebase-tools\lib\responseToError.js:49:12)
    at RetryOperation._fn (C:\Users\pdeve\AppData\Roaming\npm\node_modules\firebase-tools\lib\apiv2.js:288:77)
    at processTicksAndRejections (node:internal/process/task_queues:96:5)
[error] 
[error] Error: Failed to get Firebase project undefined. Please make sure the project exists and your account has permission to access it.
[debug] [2022-09-21T19:01:13.051Z] ----------------------------------------------------------------------
[debug] [2022-09-21T19:01:13.052Z] Command:       C:\Program Files\nodejs\node.exe C:\Users\pdeve\AppData\Roaming\npm\node_modules\firebase-tools\lib\bin\firebase.js hosting:disable
[debug] [2022-09-21T19:01:13.053Z] CLI Version:   11.9.0
[debug] [2022-09-21T19:01:13.053Z] Platform:      win32
[debug] [2022-09-21T19:01:13.053Z] Node Version:  v16.14.0
[debug] [2022-09-21T19:01:13.054Z] Time:          Thu Sep 22 2022 00:31:13 GMT+0530 (India Standard Time)
[debug] [2022-09-21T19:01:13.054Z] ----------------------------------------------------------------------
[debug] 
[debug] [2022-09-21T19:01:13.061Z] >>> [apiv2][query] GET https://firebase.googleapis.com/v1beta1/projects/undefined [none]
[debug] [2022-09-21T19:01:14.216Z] <<< [apiv2][status] GET https://firebase.googleapis.com/v1beta1/projects/undefined 403
[debug] [2022-09-21T19:01:14.217Z] <<< [apiv2][body] GET https://firebase.googleapis.com/v1beta1/projects/undefined {"error":{"code":403,"message":"The caller does not have permission","status":"PERMISSION_DENIED"}}
[debug] [2022-09-21T19:01:14.217Z] HTTP Error: 403, The caller does not have permission
[debug] [2022-09-21T19:01:15.137Z] FirebaseError: HTTP Error: 403, The caller does not have permission
    at responseToError (C:\Users\pdeve\AppData\Roaming\npm\node_modules\firebase-tools\lib\responseToError.js:49:12)
    at RetryOperation._fn (C:\Users\pdeve\AppData\Roaming\npm\node_modules\firebase-tools\lib\apiv2.js:288:77)
    at processTicksAndRejections (node:internal/process/task_queues:96:5)
[error] 
[error] Error: Failed to get Firebase project undefined. Please make sure the project exists and your account has permission to access it.
